2025-10-05 16:31:54 [INFO] ============================================================
2025-10-05 16:31:54 [INFO] Website Crawler Started
2025-10-05 16:31:54 [INFO] ============================================================
2025-10-05 16:32:01 [INFO] 
--- Crawling 1/1: https://www.travelperk.com/ ---
2025-10-05 16:32:01 [INFO] Starting crawl: https://www.travelperk.com/ (domain: travelperk.com)
2025-10-05 16:32:02 [INFO] Crawl delay: 0s
2025-10-05 16:32:03 [INFO] Crawled [1/100]: https://www.travelperk.com/
2025-10-05 16:32:03 [INFO] Visiting external link: https://www.bloomberg.com/news/articles/2022-01-12/travelperk-hits-1-3-billion-valuation-as-business-trips-rebound?srnd=technology-vp
2025-10-05 16:32:03 [INFO] Visiting external link: https://www.forbes.com/sites/trevorclawson/2024/03/18/where-next-for-barcelonas-startup-funding-ecosystem/
2025-10-05 16:32:12 [INFO] Visiting external link: https://www.linkedin.com/company/travelperk/
2025-10-05 16:32:13 [INFO] Visiting external link: https://www.cnbc.com/2025/01/28/softbank-backed-travelperk-doubles-valuation-plans-fintech-push.html
2025-10-05 16:32:15 [INFO] Visiting external link: https://www.bbc.com/news/av/business-48285024
2025-10-05 16:32:17 [INFO] Visiting external link: https://www.cnbc.com/2024/01/23/softbank-leads-104-million-investment-in-travel-startup-travelperk.html
2025-10-05 16:32:19 [INFO] Visiting external link: https://skift.com/2024/06/14/travelperk-sees-corporate-travel-bouncing-back-but-not-for-all/
2025-10-05 16:32:21 [INFO] Visiting external link: https://www.youtube.com/watch?v=I-tJpzzXVlc&t=1s
2025-10-05 16:32:22 [INFO] Visiting external link: https://www.forbes.com/sites/trevorclawson/2024/05/31/loyalty-bonus-how-a-travel-unicorn-has-grown-in-a-constrained-market/
2025-10-05 16:32:26 [INFO] Visiting external link: https://www.cnbc.com/2024/06/18/travelperk-acquires-us-rival-amtrav-bags-135-million-for-expansion.html
2025-10-05 16:32:27 [INFO] Visiting external link: https://www.instagram.com/travelperk/
2025-10-05 16:32:28 [INFO] Visiting external link: https://x.com/travelperk
2025-10-05 16:32:29 [INFO] Crawled [2/100]: https://www.travelperk.com/travel-solutions/persona-travel-manager/
2025-10-05 16:32:30 [INFO] Crawled [3/100]: https://www.travelperk.com/travel-solutions/corporate-travel-tracker/
2025-10-05 16:32:30 [INFO] Crawled [4/100]: https://www.travelperk.com/guides/
2025-10-05 16:32:31 [INFO] Crawled [5/100]: https://www.travelperk.com/templates/c086-travel-expense-claim-form/
2025-10-05 16:32:31 [INFO] Crawled [6/100]: https://www.travelperk.com/company/
2025-10-05 16:32:32 [INFO] Crawled [7/100]: https://www.travelperk.com/travel-solutions/persona-finance-team/
2025-10-05 16:32:32 [INFO] Crawled [8/100]: https://www.travelperk.com/contact/
2025-10-05 16:32:33 [INFO] Crawled [9/100]: https://www.travelperk.com/case-studies/fieldin/
2025-10-05 16:32:33 [INFO] Crawled [10/100]: https://www.travelperk.com/travel-solutions/policies-approvals/
2025-10-05 16:32:34 [INFO] Crawled [11/100]: https://www.travelperk.com/value-of-business-travel-report/
2025-10-05 16:32:37 [INFO] Crawled [12/100]: https://www.travelperk.com/travel-solutions/travel-software/
2025-10-05 16:32:38 [INFO] Crawled [13/100]: https://www.travelperk.com/travel-solutions/corporate-travel-management/
2025-10-05 16:32:39 [INFO] Crawled [14/100]: https://www.travelperk.com/travel-solutions/executive-experience/
2025-10-05 16:32:40 [INFO] Crawled [15/100]: https://www.travelperk.com/travel-solutions/travel-safety-advice/
2025-10-05 16:32:40 [INFO] Crawled [16/100]: https://www.travelperk.com/es/
2025-10-05 16:32:41 [INFO] Crawled [17/100]: https://www.travelperk.com/blog/mastering-flexible-travel/
2025-10-05 16:32:41 [INFO] Crawled [18/100]: https://www.travelperk.com/case-studies/ampa/
2025-10-05 16:32:42 [INFO] Crawled [19/100]: https://www.travelperk.com/uk/
2025-10-05 16:32:42 [INFO] Crawled [20/100]: https://www.travelperk.com/careers/
2025-10-05 16:32:43 [INFO] Crawled [21/100]: https://www.travelperk.com/en-ca/
2025-10-05 16:32:43 [INFO] Crawled [22/100]: https://www.travelperk.com/guides/business-travel-for-beginners/
2025-10-05 16:32:44 [INFO] Crawled [23/100]: https://www.travelperk.com/de-ch/
2025-10-05 16:32:44 [INFO] Crawled [24/100]: https://www.travelperk.com/modern-slavery-statement/
2025-10-05 16:32:51 [INFO] Crawled [25/100]: https://www.travelperk.com/travel-solutions/flexiperk/
2025-10-05 16:32:51 [INFO] Crawled [26/100]: https://www.travelperk.com/travel-solutions/duty-of-care/
2025-10-05 16:32:52 [INFO] Crawled [27/100]: https://www.travelperk.com/travel-solutions/corporate-flights/
2025-10-05 16:32:52 [INFO] Crawled [28/100]: https://trustcenter.travelperk.com
2025-10-05 16:32:53 [INFO] Crawled [29/100]: https://www.travelperk.com/media/
2025-10-05 16:32:53 [INFO] Crawled [30/100]: https://www.travelperk.com/travel-solutions/vat/
2025-10-05 16:32:54 [INFO] Crawled [31/100]: https://www.travelperk.com/guides/travel-expense-management/
2025-10-05 16:32:54 [INFO] Crawled [32/100]: https://www.travelperk.com/ebooks/
2025-10-05 16:32:56 [INFO] Crawled [33/100]: https://www.travelperk.com/case-studies/university-of-vic/
2025-10-05 16:32:59 [INFO] Crawled [34/100]: https://www.travelperk.com/it/
2025-10-05 16:33:02 [INFO] Crawled [35/100]: https://www.travelperk.com/travel-solutions/centralized-invoicing/
2025-10-05 16:33:03 [INFO] Crawled [36/100]: https://www.travelperk.com/partners/
2025-10-05 16:33:04 [INFO] Crawled [37/100]: https://www.travelperk.com/travel-solutions/persona-traveler/
2025-10-05 16:33:04 [INFO] Crawled [38/100]: https://www.travelperk.com/travel-solutions/centralized-invoicing/?_gl=1*b5yd6y*_up*MQ..&gclid=Cj0KCQiA8fW9BhC8ARIsACwHqYozqOxRbJTeQHVxGbXxlDPe_2qwemj3UYX_yHnDsI5uqCwWyCIVuJQaAjj0EALw_wcB
2025-10-05 16:33:05 [INFO] Crawled [39/100]: https://www.travelperk.com/travel-solutions/marketplace/
2025-10-05 16:33:05 [INFO] Crawled [40/100]: https://www.travelperk.com/product/explore-product/
2025-10-05 16:33:06 [INFO] Crawled [41/100]: https://www.travelperk.com/travel-solutions/corporate-car-rental/
2025-10-05 16:33:06 [INFO] Crawled [42/100]: https://www.travelperk.com/travel-solutions/greenperk/
2025-10-05 16:33:07 [INFO] Crawled [43/100]: https://www.travelperk.com/blog/business-travel-chaos-survey/
2025-10-05 16:33:07 [INFO] Crawled [44/100]: https://www.travelperk.com/travel-solutions/corporate-accommodation/
2025-10-05 16:33:08 [INFO] Crawled [45/100]: https://www.travelperk.com/templates/
2025-10-05 16:33:09 [INFO] Crawled [46/100]: https://app.travelperk.com/en-US/signup
2025-10-05 16:33:09 [INFO] Crawled [47/100]: https://www.travelperk.com/travel-solutions/travel-management-reporting/
2025-10-05 16:33:10 [INFO] Crawled [48/100]: https://www.travelperk.com/guides/group-travel-booking/
2025-10-05 16:33:10 [INFO] Crawled [49/100]: https://www.travelperk.com/templates/c013-company-travel-policy/
2025-10-05 16:33:11 [INFO] Crawled [50/100]: https://www.travelperk.com/calculators/business-travel-savings-calculator/
2025-10-05 16:33:11 [INFO] Crawled [51/100]: https://www.travelperk.com/legal/privacy-policy/
2025-10-05 16:33:20 [INFO] Crawled [52/100]: https://www.travelperk.com/calculators/
2025-10-05 16:33:21 [INFO] Crawled [53/100]: https://www.travelperk.com/blog/
2025-10-05 16:33:21 [INFO] Crawled [54/100]: https://www.travelperk.com/travel-solutions/corporate-rail/
2025-10-05 16:33:22 [INFO] Crawled [55/100]: https://www.travelperk.com/travel-solutions/group-bookings/
2025-10-05 16:33:22 [INFO] Crawled [56/100]: https://www.travelperk.com/resources/
2025-10-05 16:33:23 [INFO] Crawled [57/100]: https://www.travelperk.com/demo-request/
2025-10-05 16:33:24 [INFO] Crawled [58/100]: https://www.travelperk.com/travel-solutions/
2025-10-05 16:33:24 [INFO] Crawled [59/100]: https://www.travelperk.com/templates/c088-business-travel-itinerary/
2025-10-05 16:33:25 [INFO] Crawled [60/100]: https://www.travelperk.com/travel-solutions/corporate-travel-app/
2025-10-05 16:33:25 [INFO] Crawled [61/100]: https://www.travelperk.com/case-studies/fujifilm/
2025-10-05 16:33:26 [INFO] Crawled [62/100]: https://www.travelperk.com/blog/unmanaged-business-travel-costs-money/
2025-10-05 16:33:26 [INFO] Crawled [63/100]: https://www.travelperk.com/pricing/
2025-10-05 16:33:27 [INFO] Crawled [64/100]: https://www.travelperk.com/de/
2025-10-05 16:33:27 [INFO] Crawled [65/100]: https://www.travelperk.com/travel-solutions/small-business-travel-management/
2025-10-05 16:33:28 [INFO] Crawled [66/100]: https://www.travelperk.com/blog/ways-to-manage-stress-during-business-travel/
2025-10-05 16:33:29 [INFO] Crawled [67/100]: https://status.travelperk.com
2025-10-05 16:33:29 [INFO] Crawled [68/100]: https://www.travelperk.com/travel-solutions/expense-management/
2025-10-05 16:33:30 [INFO] Crawled [69/100]: https://www.travelperk.com/customers/
2025-10-05 16:33:30 [INFO] Crawled [70/100]: https://www.travelperk.com/corporate-travel-glossary/
2025-10-05 16:33:31 [INFO] Crawled [71/100]: https://www.travelperk.com/travel-solutions/corporate-travel-assistance/
2025-10-05 16:33:32 [INFO] Crawled [72/100]: https://www.travelperk.com/blog/business-travel-wellness-survey/
2025-10-05 16:33:35 [INFO] Crawled [73/100]: https://www.travelperk.com/reviews/
2025-10-05 16:33:36 [INFO] Crawled [74/100]: https://www.travelperk.com/travel-solutions/travel-booking/
2025-10-05 16:33:36 [INFO] Crawled [75/100]: https://www.travelperk.com/legal/cookies-policy/
2025-10-05 16:33:36 [INFO] Crawled [76/100]: https://www.travelperk.com/supplier-code-of-conduct/
2025-10-05 16:33:37 [INFO] Crawled [77/100]: https://app.travelperk.com/login
2025-10-05 16:33:38 [INFO] Crawled [78/100]: https://www.travelperk.com/case-studies/gmg-envirosafe/
2025-10-05 16:33:38 [INFO] Crawled [79/100]: https://www.travelperk.com/legal/terms-of-use/
2025-10-05 16:33:39 [INFO] Crawled [80/100]: https://www.travelperk.com/nl/
2025-10-05 16:33:39 [INFO] Crawled [81/100]: https://www.travelperk.com/fr/
2025-10-05 16:33:40 [INFO] Crawled [82/100]: https://www.travelperk.com/en-us/travel-solutions/marketplace
2025-10-05 16:33:40 [INFO] Crawled [83/100]: https://www.travelperk.com/es/soluciones/perfil-gestor-de-viajes/
2025-10-05 16:33:41 [INFO] Crawled [84/100]: https://www.travelperk.com/uk/travel-solutions/persona-travel-manager/
2025-10-05 16:33:41 [INFO] Crawled [85/100]: https://www.travelperk.com/de-ch/losungen/travel-manager/
2025-10-05 16:33:42 [INFO] Crawled [86/100]: https://www.travelperk.com/fr/solutions/profil-responsable-des-voyages/
2025-10-05 16:33:42 [INFO] Crawled [87/100]: https://www.travelperk.com/en-ca/travel-solutions/persona-travel-manager/
2025-10-05 16:33:43 [INFO] Crawled [88/100]: https://www.travelperk.com/de/losungen/travel-manager/
2025-10-05 16:33:43 [INFO] Crawled [89/100]: https://www.travelperk.com/nl/oplossingen/reisbeheerders/
2025-10-05 16:33:44 [INFO] Crawled [90/100]: https://www.travelperk.com/it/soluzioni/travel-manager/
2025-10-05 16:33:44 [INFO] Crawled [91/100]: https://www.travelperk.com/it/soluzioni/monitoraggio-viaggi-aziendali/
2025-10-05 16:33:45 [INFO] Crawled [92/100]: https://www.travelperk.com/uk/travel-solutions/corporate-travel-tracker/
2025-10-05 16:33:46 [INFO] Crawled [93/100]: https://www.travelperk.com/es/soluciones/rastreador-viajes-corporativos/
2025-10-05 16:33:47 [INFO] Crawled [94/100]: https://www.travelperk.com/fr/solutions/traqueur-voyages-affaires/
2025-10-05 16:33:47 [INFO] Crawled [95/100]: https://www.travelperk.com/en-ca/travel-solutions/corporate-travel-tracker/
2025-10-05 16:33:47 [INFO] Crawled [96/100]: https://www.travelperk.com/de/losungen/reise-tracker-firmen/
2025-10-05 16:33:48 [INFO] Crawled [97/100]: https://www.travelperk.com/de-ch/losungen/reise-tracker-firmen/
2025-10-05 16:33:48 [INFO] Crawled [98/100]: https://www.travelperk.com/nl/oplossingen/bijhouden-zakenreizen/
2025-10-05 16:33:49 [INFO] Crawled [99/100]: https://www.travelperk.com/guides/per-diem-allowances-for-business-travel/
2025-10-05 16:33:50 [INFO] Crawled [100/100]: https://www.travelperk.com/guides/small-business-travel/
2025-10-05 16:33:50 [INFO] Crawl complete: travelperk.com - 100 pages
2025-10-05 16:33:50 [INFO] Saved result to: ./outputs\travelperk_com_crawl_1759678430.json
2025-10-05 16:33:50 [INFO] ============================================================
2025-10-05 16:33:50 [INFO] Crawl finished.
2025-10-05 16:33:50 [INFO] ============================================================
